<?xml version="1.0" encoding="UTF-8"?>
<!-- Generated by org.testng.reporters.JUnitReportReporter -->
<testsuite hostname="LAPTOP-PN7TIBRF" failures="0" tests="1" name="testPack.VerifyHomepage" time="7.387" errors="0" timestamp="2022-09-17T15:44:46 IST" skipped="0">
  <testcase classname="testPack.VerifyHomepage" name="verifyTitle" time="7.387"/>
  <system-out/>
</testsuite> <!-- testPack.VerifyHomepage -->
