<?xml version="1.0" encoding="UTF-8"?>
<!-- Generated by org.testng.reporters.JUnitReportReporter -->
<testsuite hostname="LAPTOP-PN7TIBRF" failures="0" tests="1" name="testPack.VerifyLoginPage" time="21.939" errors="0" timestamp="2022-09-17T15:01:27 IST" skipped="0">
  <testcase classname="testPack.VerifyLoginPage" name="verification" time="21.939"/>
  <system-out/>
</testsuite> <!-- testPack.VerifyLoginPage -->
